2021-03-01 08:29:28 [myspider.spiders.itcast] WARNING: {'name': '娄老师', 'title': '课程研究员'}
2021-03-01 08:29:28 [myspider.pipelines] WARNING: itcast
2021-03-01 08:29:28 [myspider.spiders.itcast] WARNING: {'name': '谢老师', 'title': '课程研究员'}
2021-03-01 08:29:28 [myspider.pipelines] WARNING: itcast
2021-03-01 08:29:28 [myspider.spiders.itcast] WARNING: {'name': '王老师', 'title': '课程研究员'}
2021-03-01 08:29:28 [myspider.pipelines] WARNING: itcast
2021-03-01 08:29:28 [myspider.spiders.itcast] WARNING: {'name': '王老师', 'title': '课程研究员'}
2021-03-01 08:29:28 [myspider.pipelines] WARNING: itcast
2021-03-01 08:29:28 [myspider.spiders.itcast] WARNING: {'name': '姚老师', 'title': '课程研究员'}
2021-03-01 08:29:28 [myspider.pipelines] WARNING: itcast
2021-03-01 08:29:28 [myspider.spiders.itcast] WARNING: {'name': '周老师', 'title': '课程研究员'}
2021-03-01 08:29:28 [myspider.pipelines] WARNING: itcast
2021-03-01 08:29:28 [myspider.spiders.itcast] WARNING: {'name': '王老师', 'title': '课程研究员'}
2021-03-01 08:29:28 [myspider.pipelines] WARNING: itcast
2021-03-01 08:29:28 [myspider.spiders.itcast] WARNING: {'name': '刘老师', 'title': '课程研究员'}
2021-03-01 08:29:28 [myspider.pipelines] WARNING: itcast
2021-03-01 08:29:28 [myspider.spiders.itcast] WARNING: {'name': '史老师', 'title': '课程研究员'}
2021-03-01 08:29:28 [myspider.pipelines] WARNING: itcast
2021-03-01 08:29:28 [myspider.spiders.itcast] WARNING: {'name': '李老师', 'title': '课程研究员'}
2021-03-01 08:29:28 [myspider.pipelines] WARNING: itcast
2021-03-01 08:29:28 [myspider.spiders.itcast] WARNING: {'name': '钱老师', 'title': '课程研究员'}
2021-03-01 08:29:28 [myspider.pipelines] WARNING: itcast
2021-03-01 08:29:28 [myspider.spiders.itcast] WARNING: {'name': '杨老师', 'title': '课程研究员'}
2021-03-01 08:29:28 [myspider.pipelines] WARNING: itcast
2021-03-01 08:29:28 [myspider.spiders.itcast] WARNING: {'name': '任老师', 'title': '课程研究员'}
2021-03-01 08:29:28 [myspider.pipelines] WARNING: itcast
2021-03-01 08:29:28 [myspider.spiders.itcast] WARNING: {'name': '江老师', 'title': '课程研究员'}
2021-03-01 08:29:28 [myspider.pipelines] WARNING: itcast
2021-03-01 08:29:28 [myspider.spiders.itcast] WARNING: {'name': '周老师', 'title': '课程研究员'}
2021-03-01 08:29:28 [myspider.pipelines] WARNING: itcast
2021-03-01 08:29:28 [myspider.spiders.itcast] WARNING: {'name': '惠老师', 'title': '课程研究员'}
2021-03-01 08:29:28 [myspider.pipelines] WARNING: itcast
2021-03-01 08:29:28 [myspider.spiders.itcast] WARNING: {'name': '孟老师', 'title': '课程研究员'}
2021-03-01 08:29:28 [myspider.pipelines] WARNING: itcast
2021-03-01 08:29:28 [myspider.spiders.itcast] WARNING: {'name': '冀老师', 'title': '课程研究员'}
2021-03-01 08:29:28 [myspider.pipelines] WARNING: itcast
2021-03-01 08:29:28 [myspider.spiders.itcast] WARNING: {'name': '张老师', 'title': '课程研究员'}
2021-03-01 08:29:28 [myspider.pipelines] WARNING: itcast
2021-03-01 08:29:28 [myspider.spiders.itcast] WARNING: {'name': '谭老师', 'title': '课程研究员'}
2021-03-01 08:29:28 [myspider.pipelines] WARNING: itcast
2021-03-01 08:29:28 [myspider.spiders.itcast] WARNING: {'name': '李老师', 'title': '课程研究员'}
2021-03-01 08:29:28 [myspider.pipelines] WARNING: itcast
2021-03-01 08:29:28 [myspider.spiders.itcast] WARNING: {'name': '李老师', 'title': '课程研究员'}
2021-03-01 08:29:28 [myspider.pipelines] WARNING: itcast
2021-03-01 08:29:28 [myspider.spiders.itcast] WARNING: {'name': '李老师', 'title': '课程研究员'}
2021-03-01 08:29:28 [myspider.pipelines] WARNING: itcast
2021-03-01 08:29:28 [myspider.spiders.itcast] WARNING: {'name': '肖老师', 'title': '课程研究员'}
2021-03-01 08:29:28 [myspider.pipelines] WARNING: itcast
2021-03-01 08:29:28 [myspider.spiders.itcast] WARNING: {'name': '高老师', 'title': '课程研究员'}
2021-03-01 08:29:28 [myspider.pipelines] WARNING: itcast
2021-03-01 08:29:28 [myspider.spiders.itcast] WARNING: {'name': '骆老师', 'title': '课程研究员'}
2021-03-01 08:29:28 [myspider.pipelines] WARNING: itcast
2021-03-01 08:29:28 [myspider.spiders.itcast] WARNING: {'name': '魏老师', 'title': '课程研究员'}
2021-03-01 08:29:28 [myspider.pipelines] WARNING: itcast
2021-03-01 08:29:28 [myspider.spiders.itcast] WARNING: {'name': '张老师', 'title': '课程研究员'}
2021-03-01 08:29:28 [myspider.pipelines] WARNING: itcast
2021-03-01 08:29:28 [myspider.spiders.itcast] WARNING: {'name': '杨老师', 'title': '课程研究员'}
2021-03-01 08:29:28 [myspider.pipelines] WARNING: itcast
2021-03-01 08:29:28 [myspider.spiders.itcast] WARNING: {'name': '朱老师', 'title': '课程研究员'}
2021-03-01 08:29:28 [myspider.pipelines] WARNING: itcast
2021-03-01 08:29:28 [myspider.spiders.itcast] WARNING: {'name': '孔老师', 'title': '课程研究员'}
2021-03-01 08:29:28 [myspider.pipelines] WARNING: itcast
2021-03-01 08:29:28 [myspider.spiders.itcast] WARNING: {'name': '朱老师', 'title': '课程研究员'}
2021-03-01 08:29:28 [myspider.pipelines] WARNING: itcast
2021-03-01 08:29:28 [myspider.spiders.itcast] WARNING: {'name': '陈老师', 'title': '课程研究员'}
2021-03-01 08:29:28 [myspider.pipelines] WARNING: itcast
2021-03-01 08:29:28 [myspider.spiders.itcast] WARNING: {'name': '冯老师', 'title': '课程研究员'}
2021-03-01 08:29:28 [myspider.pipelines] WARNING: itcast
2021-03-01 08:29:28 [myspider.spiders.itcast] WARNING: {'name': '惠老师', 'title': '课程研究员'}
2021-03-01 08:29:28 [myspider.pipelines] WARNING: itcast
2021-03-01 08:29:28 [myspider.spiders.itcast] WARNING: {'name': '刘老师', 'title': '课程研究员'}
2021-03-01 08:29:28 [myspider.pipelines] WARNING: itcast
2021-03-01 08:29:28 [myspider.spiders.itcast] WARNING: {'name': '刘老师', 'title': '课程研究员'}
2021-03-01 08:29:28 [myspider.pipelines] WARNING: itcast
2021-03-01 08:29:28 [myspider.spiders.itcast] WARNING: {'name': '沈老师', 'title': '课程研究员'}
2021-03-01 08:29:28 [myspider.pipelines] WARNING: itcast
2021-03-01 08:29:28 [myspider.spiders.itcast] WARNING: {'name': '许老师', 'title': '课程研究员'}
2021-03-01 08:29:28 [myspider.pipelines] WARNING: itcast
2021-03-01 08:29:28 [myspider.spiders.itcast] WARNING: {'name': '许老师', 'title': '课程研究员'}
2021-03-01 08:29:28 [myspider.pipelines] WARNING: itcast
2021-03-01 08:29:28 [myspider.spiders.itcast] WARNING: {'name': '刘老师', 'title': '课程研究员'}
2021-03-01 08:29:28 [myspider.pipelines] WARNING: itcast
2021-03-01 08:29:28 [myspider.spiders.itcast] WARNING: {'name': '赵老师', 'title': '课程研究员'}
2021-03-01 08:29:28 [myspider.pipelines] WARNING: itcast
2021-03-01 08:29:28 [myspider.spiders.itcast] WARNING: {'name': '赵老师', 'title': '课程研究员'}
2021-03-01 08:29:28 [myspider.pipelines] WARNING: itcast
2021-03-01 08:29:28 [myspider.spiders.itcast] WARNING: {'name': '张老师', 'title': '课程研究员'}
2021-03-01 08:29:28 [myspider.pipelines] WARNING: itcast
2021-03-01 08:29:28 [myspider.spiders.itcast] WARNING: {'name': '张老师', 'title': '课程研究员'}
2021-03-01 08:29:28 [myspider.pipelines] WARNING: itcast
2021-03-01 08:29:28 [myspider.spiders.itcast] WARNING: {'name': '杨老师', 'title': '课程研究员'}
2021-03-01 08:29:28 [myspider.pipelines] WARNING: itcast
2021-03-01 08:29:28 [myspider.spiders.itcast] WARNING: {'name': '杨老师', 'title': '课程研究员'}
2021-03-01 08:29:28 [myspider.pipelines] WARNING: itcast
2021-03-01 08:29:28 [myspider.spiders.itcast] WARNING: {'name': '徐老师', 'title': '课程研究员'}
2021-03-01 08:29:28 [myspider.pipelines] WARNING: itcast
2021-03-01 08:29:28 [myspider.spiders.itcast] WARNING: {'name': '李老师', 'title': '课程研究员'}
2021-03-01 08:29:28 [myspider.pipelines] WARNING: itcast
2021-03-01 08:29:28 [myspider.spiders.itcast] WARNING: {'name': '凡老师', 'title': '课程研究员'}
2021-03-01 08:29:28 [myspider.pipelines] WARNING: itcast
2021-03-01 08:29:28 [myspider.spiders.itcast] WARNING: {'name': '陈老师', 'title': '课程研究员'}
2021-03-01 08:29:28 [myspider.pipelines] WARNING: itcast
2021-03-01 08:29:28 [myspider.spiders.itcast] WARNING: {'name': '陈老师', 'title': '课程研究员'}
2021-03-01 08:29:28 [myspider.pipelines] WARNING: itcast
2021-03-01 08:29:28 [myspider.spiders.itcast] WARNING: {'name': '王老师', 'title': '课程研究员'}
2021-03-01 08:29:28 [myspider.pipelines] WARNING: itcast
2021-03-01 08:29:28 [myspider.spiders.itcast] WARNING: {'name': '沈老师', 'title': '课程研究员'}
2021-03-01 08:29:28 [myspider.pipelines] WARNING: itcast
2021-03-01 08:29:28 [myspider.spiders.itcast] WARNING: {'name': '惠老师', 'title': '课程研究员'}
2021-03-01 08:29:28 [myspider.pipelines] WARNING: itcast
2021-03-01 08:29:28 [myspider.spiders.itcast] WARNING: {'name': '董老师', 'title': '课程研究员'}
2021-03-01 08:29:28 [myspider.pipelines] WARNING: itcast
2021-03-01 08:29:28 [myspider.spiders.itcast] WARNING: {'name': '朱老师', 'title': '课程研究员'}
2021-03-01 08:29:28 [myspider.pipelines] WARNING: itcast
2021-03-01 08:29:28 [myspider.spiders.itcast] WARNING: {'name': '朱老师', 'title': '课程研究员'}
2021-03-01 08:29:28 [myspider.pipelines] WARNING: itcast
2021-03-01 08:29:28 [myspider.spiders.itcast] WARNING: {'name': '毛老师', 'title': '课程研究员'}
2021-03-01 08:29:28 [myspider.pipelines] WARNING: itcast
2021-03-01 08:29:28 [myspider.spiders.itcast] WARNING: {'name': '张老师', 'title': '课程研究员'}
2021-03-01 08:29:28 [myspider.pipelines] WARNING: itcast
2021-03-01 08:29:28 [myspider.spiders.itcast] WARNING: {'name': '魏老师', 'title': '课程研究员'}
2021-03-01 08:29:28 [myspider.pipelines] WARNING: itcast
2021-03-01 08:29:28 [myspider.spiders.itcast] WARNING: {'name': '毛老师', 'title': '课程研究员'}
2021-03-01 08:29:28 [myspider.pipelines] WARNING: itcast
2021-03-01 08:29:28 [myspider.spiders.itcast] WARNING: {'name': '原老师', 'title': '课程研究员'}
2021-03-01 08:29:28 [myspider.pipelines] WARNING: itcast
2021-03-01 08:29:28 [myspider.spiders.itcast] WARNING: {'name': '朱老师', 'title': '课程研究员'}
2021-03-01 08:29:28 [myspider.pipelines] WARNING: itcast
2021-03-01 08:29:28 [myspider.spiders.itcast] WARNING: {'name': '束老师', 'title': '课程研究员'}
2021-03-01 08:29:28 [myspider.pipelines] WARNING: itcast
2021-03-01 08:29:28 [myspider.spiders.itcast] WARNING: {'name': '曾老师', 'title': '课程研究员'}
2021-03-01 08:29:28 [myspider.pipelines] WARNING: itcast
2021-03-01 08:29:28 [myspider.spiders.itcast] WARNING: {'name': '吴老师', 'title': '课程研究员'}
2021-03-01 08:29:28 [myspider.pipelines] WARNING: itcast
2021-03-01 08:29:28 [myspider.spiders.itcast] WARNING: {'name': '张老师', 'title': '课程研究员'}
2021-03-01 08:29:28 [myspider.pipelines] WARNING: itcast
2021-03-01 08:29:28 [myspider.spiders.itcast] WARNING: {'name': '白老师', 'title': '课程研究员'}
2021-03-01 08:29:28 [myspider.pipelines] WARNING: itcast
2021-03-01 08:29:28 [myspider.spiders.itcast] WARNING: {'name': '乐老师', 'title': '课程研究员'}
2021-03-01 08:29:28 [myspider.pipelines] WARNING: itcast
2021-03-01 08:29:28 [myspider.spiders.itcast] WARNING: {'name': '张老师', 'title': '课程研究员'}
2021-03-01 08:29:28 [myspider.pipelines] WARNING: itcast
2021-03-01 08:29:28 [myspider.spiders.itcast] WARNING: {'name': '李老师', 'title': '课程研究员'}
2021-03-01 08:29:28 [myspider.pipelines] WARNING: itcast
2021-03-01 08:29:28 [myspider.spiders.itcast] WARNING: {'name': '刘老师', 'title': '课程研究员'}
2021-03-01 08:29:28 [myspider.pipelines] WARNING: itcast
2021-03-01 08:29:28 [myspider.spiders.itcast] WARNING: {'name': '赵老师', 'title': '课程研究员'}
2021-03-01 08:29:28 [myspider.pipelines] WARNING: itcast
2021-03-01 08:29:28 [myspider.spiders.itcast] WARNING: {'name': '邓老师', 'title': '课程研究员'}
2021-03-01 08:29:28 [myspider.pipelines] WARNING: itcast
2021-03-01 08:29:28 [myspider.spiders.itcast] WARNING: {'name': '郝老师', 'title': '课程研究员'}
2021-03-01 08:29:28 [myspider.pipelines] WARNING: itcast
2021-03-01 08:29:28 [myspider.spiders.itcast] WARNING: {'name': '贺老师', 'title': '课程研究员'}
2021-03-01 08:29:28 [myspider.pipelines] WARNING: itcast
2021-03-01 08:29:28 [myspider.spiders.itcast] WARNING: {'name': '姚老师', 'title': '课程研究员'}
2021-03-01 08:29:28 [myspider.pipelines] WARNING: itcast
2021-03-01 08:29:28 [myspider.spiders.itcast] WARNING: {'name': '张老师', 'title': '课程研究员'}
2021-03-01 08:29:28 [myspider.pipelines] WARNING: itcast
2021-03-01 08:29:28 [myspider.spiders.itcast] WARNING: {'name': '郝老师', 'title': '课程研究员'}
2021-03-01 08:29:28 [myspider.pipelines] WARNING: itcast
2021-03-01 08:29:28 [myspider.spiders.itcast] WARNING: {'name': '张老师', 'title': '课程研究员'}
2021-03-01 08:29:28 [myspider.pipelines] WARNING: itcast
2021-03-01 08:29:28 [myspider.spiders.itcast] WARNING: {'name': '刘老师', 'title': '课程研究员'}
2021-03-01 08:29:28 [myspider.pipelines] WARNING: itcast
2021-03-01 08:29:28 [myspider.spiders.itcast] WARNING: {'name': '刘老师', 'title': '课程研究员'}
2021-03-01 08:29:28 [myspider.pipelines] WARNING: itcast
2021-03-01 08:29:28 [myspider.spiders.itcast] WARNING: {'name': '王老师', 'title': '课程研究员'}
2021-03-01 08:29:28 [myspider.pipelines] WARNING: itcast
2021-03-01 08:29:28 [myspider.spiders.itcast] WARNING: {'name': '凡老师', 'title': '课程研究员'}
2021-03-01 08:29:28 [myspider.pipelines] WARNING: itcast
2021-03-01 08:29:28 [myspider.spiders.itcast] WARNING: {'name': '满老师', 'title': '课程研究员'}
2021-03-01 08:29:28 [myspider.pipelines] WARNING: itcast
2021-03-01 08:29:28 [myspider.spiders.itcast] WARNING: {'name': '刘老师', 'title': '课程研究员'}
2021-03-01 08:29:28 [myspider.pipelines] WARNING: itcast
2021-03-01 08:29:28 [myspider.spiders.itcast] WARNING: {'name': '罗老师', 'title': '课程研究员'}
2021-03-01 08:29:28 [myspider.pipelines] WARNING: itcast
2021-03-01 08:29:28 [myspider.spiders.itcast] WARNING: {'name': '刘老师', 'title': '课程研究员'}
2021-03-01 08:29:28 [myspider.pipelines] WARNING: itcast
2021-03-01 08:29:28 [myspider.spiders.itcast] WARNING: {'name': '董老师', 'title': '课程研究员'}
2021-03-01 08:29:28 [myspider.pipelines] WARNING: itcast
2021-03-01 08:29:28 [myspider.spiders.itcast] WARNING: {'name': '冀老师', 'title': '课程研究员'}
2021-03-01 08:29:28 [myspider.pipelines] WARNING: itcast
2021-03-01 08:29:28 [myspider.spiders.itcast] WARNING: {'name': '唐老师', 'title': '课程研究员'}
2021-03-01 08:29:28 [myspider.pipelines] WARNING: itcast
2021-03-01 08:29:28 [myspider.spiders.itcast] WARNING: {'name': '周老师', 'title': '课改研究员'}
2021-03-01 08:29:28 [myspider.pipelines] WARNING: itcast
2021-03-01 08:29:28 [myspider.spiders.itcast] WARNING: {'name': '高老师', 'title': '课程研究员'}
2021-03-01 08:29:28 [myspider.pipelines] WARNING: itcast
2021-03-01 08:29:28 [myspider.spiders.itcast] WARNING: {'name': '张老师', 'title': '课程研究员'}
2021-03-01 08:29:28 [myspider.pipelines] WARNING: itcast
2021-03-01 08:29:28 [myspider.spiders.itcast] WARNING: {'name': '吕老师', 'title': '课程研究员'}
2021-03-01 08:29:28 [myspider.pipelines] WARNING: itcast
2021-03-01 08:29:28 [myspider.spiders.itcast] WARNING: {'name': '李老师', 'title': '课程研究员'}
2021-03-01 08:29:28 [myspider.pipelines] WARNING: itcast
2021-03-01 08:29:28 [myspider.spiders.itcast] WARNING: {'name': '王老师', 'title': '课程研究员'}
2021-03-01 08:29:28 [myspider.pipelines] WARNING: itcast
2021-03-01 08:29:28 [myspider.spiders.itcast] WARNING: {'name': '周老师', 'title': '课程研究员'}
2021-03-01 08:29:28 [myspider.pipelines] WARNING: itcast
